<?xml version="1.0" encoding="UTF-8"?>
<!-- Generated by org.testng.reporters.JUnitReportReporter -->
<testsuite hostname="DESKTOP-RRTMLA5" failures="0" tests="1" name="com.restar.testCases.NewIssueTest" time="10.168" errors="0" timestamp="2023-09-22T20:08:59 IST" skipped="0">
  <testcase classname="com.restar.testCases.NewIssueTest" name="verify_newIssue_functionality" time="10.168"/>
  <system-out/>
</testsuite> <!-- com.restar.testCases.NewIssueTest -->
